<?xml version="1.0" encoding="UTF-8"?>
<!-- Generated by org.testng.reporters.JUnitReportReporter -->
<testsuite hostname="DESKTOP-TGPT77S" name="selenium_demo_project.DemoCart" tests="2" failures="0" timestamp="19 Nov 2020 09:37:13 GMT" time="55.943" errors="0">
  <testcase name="LaunchApp" time="28.230" classname="selenium_demo_project.DemoCart"/>
  <testcase name="PersonalData" time="27.713" classname="selenium_demo_project.DemoCart"/>
</testsuite> <!-- selenium_demo_project.DemoCart -->
