<?xml version="1.0" encoding="UTF-8"?>
<!-- Generated by org.testng.reporters.JUnitReportReporter -->
<testsuite hostname="DESKTOP-TGPT77S" name="selinium_demo1.hello_selinum" tests="2" failures="0" timestamp="17 Nov 2020 10:40:14 GMT" time="68.564" errors="0">
  <testcase name="rediff_alert_handling" time="68.564" classname="selinium_demo1.hello_selinum"/>
  <testcase name="registration" time="0.000" classname="selinium_demo1.hello_selinum"/>
</testsuite> <!-- selinium_demo1.hello_selinum -->
