<?xml version="1.0" encoding="UTF-8"?>
<!-- Generated by org.testng.reporters.JUnitReportReporter -->
<testsuite hostname="DESKTOP-TGPT77S" name="selenium_demo_project.Selenium_pracitse" tests="1" failures="0" timestamp="18 Nov 2020 08:48:28 GMT" time="17.758" errors="0">
  <testcase name="login" time="17.758" classname="selenium_demo_project.Selenium_pracitse"/>
</testsuite> <!-- selenium_demo_project.Selenium_pracitse -->
